d:\zzl_2023\codeproject\matchmanplayer\matchmanplayer\debug\vc141.pdb
d:\zzl_2023\codeproject\matchmanplayer\matchmanplayer\debug\vc141.idb
d:\zzl_2023\codeproject\matchmanplayer\matchmanplayer\debug\windower.obj
d:\zzl_2023\codeproject\matchmanplayer\matchmanplayer\debug\renderwindow.obj
d:\zzl_2023\codeproject\matchmanplayer\matchmanplayer\debug\renderer.obj
d:\zzl_2023\codeproject\matchmanplayer\matchmanplayer\debug\matchmanplayermain.obj
d:\zzl_2023\codeproject\matchmanplayer\matchmanplayer\debug\drawer.obj
d:\zzl_2023\codeproject\matchmanplayer\matchmanplayer\debug\renderwindower.obj
d:\zzl_2023\codeproject\matchmanplayer\matchmanplayer\debug\shaderer.obj
d:\zzl_2023\codeproject\matchmanplayer\matchmanplayer\debug\triangledrawer.obj
d:\zzl_2023\codeproject\matchmanplayer\matchmanplayer\debug\rectangledrawer.obj
d:\zzl_2023\codeproject\matchmanplayer\matchmanplayer\debug\vertexbuffer.obj
d:\zzl_2023\codeproject\matchmanplayer\matchmanplayer\debug\vertexarray.obj
d:\zzl_2023\codeproject\matchmanplayer\matchmanplayer\debug\elementbuffer.obj
d:\zzl_2023\codeproject\matchmanplayer\matchmanplayer\debug\matchmandrawer.obj
d:\zzl_2023\codeproject\matchmanplayer\debug\matchmanplayer.exe
d:\zzl_2023\codeproject\matchmanplayer\debug\matchmanplayer.ilk
d:\zzl_2023\codeproject\matchmanplayer\debug\matchmanplayer.pdb
d:\zzl_2023\codeproject\matchmanplayer\matchmanplayer\debug\matchmanplayer.tlog\cl.command.1.tlog
d:\zzl_2023\codeproject\matchmanplayer\matchmanplayer\debug\matchmanplayer.tlog\cl.read.1.tlog
d:\zzl_2023\codeproject\matchmanplayer\matchmanplayer\debug\matchmanplayer.tlog\cl.write.1.tlog
d:\zzl_2023\codeproject\matchmanplayer\matchmanplayer\debug\matchmanplayer.tlog\link.command.1.tlog
d:\zzl_2023\codeproject\matchmanplayer\matchmanplayer\debug\matchmanplayer.tlog\link.read.1.tlog
d:\zzl_2023\codeproject\matchmanplayer\matchmanplayer\debug\matchmanplayer.tlog\link.write.1.tlog
